{"level":"warn","timestamp":"2026-04-22 19:37:45.041","caller":"app/main.go:181","message":"CORS配置为*，允许所有来源，不推荐生产环境使用","module":"app"}
{"level":"info","timestamp":"2026-04-22 19:37:45.043","caller":"services/memory_manager.go:95","message":"内存管理器配置已更新","module":"service.reverse_websocket","target_mb":20,"soft_limit_mb":30,"hard_limit_mb":50,"monitor_interval_ms":10000}
{"level":"info","timestamp":"2026-04-22 19:37:45.043","caller":"services/memory_manager.go:133","message":"内存管理器已启动","module":"service.reverse_websocket","target_mb":20,"soft_limit_mb":30,"hard_limit_mb":50,"gc_percent":100,"gc_check_interval":50000}
{"level":"info","timestamp":"2026-04-22 19:37:45.063","caller":"app/main.go:237","message":"最大连接数限制已设置","module":"app","max":10}
{"level":"info","timestamp":"2026-04-22 19:37:47.064","caller":"app/main.go:251","message":"WebSocket调试服务已启动","module":"app","path":"/debug/{self_id}"}
{"level":"info","timestamp":"2026-04-22 19:37:47.064","caller":"services/sseclient.go:70","message":"SSE客户端已启动","module":"sse.client"}
{"level":"info","timestamp":"2026-04-22 19:37:47.064","caller":"api/webqq.go:118","message":"WebQQ管理器已启动","module":"webqq"}
{"level":"info","timestamp":"2026-04-22 19:37:47.064","logger":"console","caller":"console/console.go:203","message":"控制台命令系统已启动，输入 /help 查看可用命令"}
{"level":"info","timestamp":"2026-04-22 19:37:47.064","caller":"app/main.go:339","message":"服务器启动成功","module":"app","addr":"0.0.0.0:59178","env":"development","websocket_path":"/ws/{customName}","debug_mode":false}
{"level":"info","timestamp":"2026-04-22 19:37:47.064","caller":"app/main.go:360","message":"pprof调试服务器启动","module":"app","addr":"127.0.0.1:6061"}
{"level":"info","timestamp":"2026-04-22 19:37:50.522","caller":"services/reverse_websocket.go:476","message":"WebSocket连接已建立，等待connect消息","module":"service.reverse_websocket","self_id":"3846985226","custom_name":"test1","ip":"127.0.0.1","current":0,"max":10}
{"level":"info","timestamp":"2026-04-22 19:37:51.190","caller":"services/bot_account_mgr.go:117","message":"创建新账号","module":"service.bot_account_mgr","self_id":"3846985226","custom_name":"test1"}
{"level":"info","timestamp":"2026-04-22 19:37:51.190","caller":"services/bot_account_mgr.go:139","message":"账号上线","module":"service.bot_account_mgr","self_id":"3846985226","custom_name":"test1"}
{"level":"info","timestamp":"2026-04-22 19:37:51.191","caller":"services/reverse_websocket.go:668","message":"WebSocket连接认证成功","module":"service.reverse_websocket","self_id":"3846985226","custom_name":"test1","ip":"127.0.0.1"}
{"level":"info","timestamp":"2026-04-22 19:37:51.191","caller":"services/reverse_websocket.go:1038","message":"准备发送API请求","module":"service.reverse_websocket","self_id":"3846985226","action":"get_login_info","echo":"echo_3846985226_1776857871191496100_1"}
{"level":"info","timestamp":"2026-04-22 19:37:51.192","caller":"services/reverse_websocket.go:939","message":"发送WebSocket消息","module":"service.reverse_websocket","self_id":"3846985226","message":"{\"action\":\"get_login_info\",\"echo\":\"echo_3846985226_1776857871191496100_1\",\"params\":null}"}
{"level":"info","timestamp":"2026-04-22 19:37:51.192","caller":"services/reverse_websocket.go:1067","message":"API请求已发送，等待响应","module":"service.reverse_websocket","self_id":"3846985226","action":"get_login_info","echo":"echo_3846985226_1776857871191496100_1"}
{"level":"info","timestamp":"2026-04-22 19:37:51.193","caller":"plugins/manager.go:4220","message":"自动创建账号插件目录","module":"plugins.manager","self_id":"3846985226","dir":"plugins\\3846985226"}
{"level":"info","timestamp":"2026-04-22 19:37:51.682","caller":"services/reverse_websocket.go:899","message":"收到API响应","module":"service.reverse_websocket","self_id":"3846985226","echo":"echo_3846985226_1776857871191496100_1","status":"ok","retcode":0}
{"level":"info","timestamp":"2026-04-22 19:37:51.682","caller":"services/reverse_websocket.go:1075","message":"收到API响应","module":"service.reverse_websocket","self_id":"3846985226","action":"get_login_info","echo":"echo_3846985226_1776857871191496100_1"}
{"level":"info","timestamp":"2026-04-22 19:37:51.682","caller":"services/reverse_websocket.go:700","message":"获取登录信息成功","module":"service.reverse_websocket","self_id":"3846985226","nickname":"系统通知"}
{"level":"info","timestamp":"2026-04-22 19:37:51.682","caller":"services/reverse_websocket.go:1038","message":"准备发送API请求","module":"service.reverse_websocket","self_id":"3846985226","action":"get_version_info","echo":"echo_3846985226_1776857871682358000_2"}
{"level":"info","timestamp":"2026-04-22 19:37:51.682","caller":"services/reverse_websocket.go:939","message":"发送WebSocket消息","module":"service.reverse_websocket","self_id":"3846985226","message":"{\"action\":\"get_version_info\",\"echo\":\"echo_3846985226_1776857871682358000_2\",\"params\":null}"}
{"level":"info","timestamp":"2026-04-22 19:37:51.682","caller":"services/reverse_websocket.go:1067","message":"API请求已发送，等待响应","module":"service.reverse_websocket","self_id":"3846985226","action":"get_version_info","echo":"echo_3846985226_1776857871682358000_2"}
{"level":"info","timestamp":"2026-04-22 19:37:52.176","caller":"services/reverse_websocket.go:899","message":"收到API响应","module":"service.reverse_websocket","self_id":"3846985226","echo":"echo_3846985226_1776857871682358000_2","status":"ok","retcode":0}
{"level":"info","timestamp":"2026-04-22 19:37:52.176","caller":"services/reverse_websocket.go:1075","message":"收到API响应","module":"service.reverse_websocket","self_id":"3846985226","action":"get_version_info","echo":"echo_3846985226_1776857871682358000_2"}
{"level":"info","timestamp":"2026-04-22 19:37:52.177","caller":"services/reverse_websocket.go:725","message":"获取版本信息成功","module":"service.reverse_websocket","self_id":"3846985226","app_name":"LLOneBot","app_version":"7.11.4"}
{"level":"info","timestamp":"2026-04-22 19:37:52.177","caller":"services/reverse_websocket.go:1038","message":"准备发送API请求","module":"service.reverse_websocket","self_id":"3846985226","action":"get_status","echo":"echo_3846985226_1776857872177333700_3"}
{"level":"info","timestamp":"2026-04-22 19:37:52.177","caller":"services/reverse_websocket.go:939","message":"发送WebSocket消息","module":"service.reverse_websocket","self_id":"3846985226","message":"{\"action\":\"get_status\",\"echo\":\"echo_3846985226_1776857872177333700_3\",\"params\":null}"}
{"level":"info","timestamp":"2026-04-22 19:37:52.177","caller":"services/reverse_websocket.go:1067","message":"API请求已发送，等待响应","module":"service.reverse_websocket","self_id":"3846985226","action":"get_status","echo":"echo_3846985226_1776857872177333700_3"}
{"level":"info","timestamp":"2026-04-22 19:37:52.672","caller":"services/reverse_websocket.go:899","message":"收到API响应","module":"service.reverse_websocket","self_id":"3846985226","echo":"echo_3846985226_1776857872177333700_3","status":"ok","retcode":0}
{"level":"info","timestamp":"2026-04-22 19:37:52.672","caller":"services/reverse_websocket.go:1075","message":"收到API响应","module":"service.reverse_websocket","self_id":"3846985226","action":"get_status","echo":"echo_3846985226_1776857872177333700_3"}
{"level":"info","timestamp":"2026-04-22 19:37:52.672","caller":"services/reverse_websocket.go:763","message":"获取状态信息成功","module":"service.reverse_websocket","self_id":"3846985226","online":true,"good":true}
{"level":"info","timestamp":"2026-04-22 19:38:47.065","caller":"app/main.go:374","message":"内存状态","module":"app","alloc_mb":4,"sys_mb":18,"num_gc":3,"goroutines":38}
{"level":"info","timestamp":"2026-04-22 19:39:47.065","caller":"app/main.go:374","message":"内存状态","module":"app","alloc_mb":5,"sys_mb":18,"num_gc":3,"goroutines":42}
{"level":"warn","timestamp":"2026-04-22 22:26:57.386","caller":"app/main.go:181","message":"CORS配置为*，允许所有来源，不推荐生产环境使用","module":"app"}
{"level":"info","timestamp":"2026-04-22 22:26:57.387","caller":"services/memory_manager.go:95","message":"内存管理器配置已更新","module":"service.reverse_websocket","target_mb":20,"soft_limit_mb":30,"hard_limit_mb":50,"monitor_interval_ms":10000}
{"level":"info","timestamp":"2026-04-22 22:26:57.387","caller":"services/memory_manager.go:133","message":"内存管理器已启动","module":"service.reverse_websocket","target_mb":20,"soft_limit_mb":30,"hard_limit_mb":50,"gc_percent":100,"gc_check_interval":50000}
{"level":"info","timestamp":"2026-04-22 22:26:57.402","caller":"app/main.go:237","message":"最大连接数限制已设置","module":"app","max":10}
{"level":"info","timestamp":"2026-04-22 22:26:59.403","caller":"app/main.go:251","message":"WebSocket调试服务已启动","module":"app","path":"/debug/{self_id}"}
{"level":"info","timestamp":"2026-04-22 22:26:59.404","caller":"services/sseclient.go:70","message":"SSE客户端已启动","module":"sse.client"}
{"level":"info","timestamp":"2026-04-22 22:26:59.404","caller":"api/webqq.go:118","message":"WebQQ管理器已启动","module":"webqq"}
{"level":"info","timestamp":"2026-04-22 22:26:59.404","logger":"console","caller":"console/console.go:203","message":"控制台命令系统已启动，输入 /help 查看可用命令"}
{"level":"info","timestamp":"2026-04-22 22:26:59.404","caller":"app/main.go:339","message":"服务器启动成功","module":"app","addr":"0.0.0.0:59178","env":"development","websocket_path":"/ws/{customName}","debug_mode":false}
{"level":"info","timestamp":"2026-04-22 22:26:59.404","caller":"app/main.go:360","message":"pprof调试服务器启动","module":"app","addr":"127.0.0.1:6061"}
{"level":"info","timestamp":"2026-04-22 22:27:00.898","caller":"services/reverse_websocket.go:476","message":"WebSocket连接已建立，等待connect消息","module":"service.reverse_websocket","self_id":"3846985226","custom_name":"test1","ip":"127.0.0.1","current":0,"max":10}
{"level":"info","timestamp":"2026-04-22 22:27:01.361","caller":"services/bot_account_mgr.go:117","message":"创建新账号","module":"service.bot_account_mgr","self_id":"3846985226","custom_name":"test1"}
{"level":"info","timestamp":"2026-04-22 22:27:01.361","caller":"services/bot_account_mgr.go:139","message":"账号上线","module":"service.bot_account_mgr","self_id":"3846985226","custom_name":"test1"}
{"level":"info","timestamp":"2026-04-22 22:27:01.362","caller":"services/reverse_websocket.go:668","message":"WebSocket连接认证成功","module":"service.reverse_websocket","self_id":"3846985226","custom_name":"test1","ip":"127.0.0.1"}
{"level":"info","timestamp":"2026-04-22 22:27:01.362","caller":"services/reverse_websocket.go:1038","message":"准备发送API请求","module":"service.reverse_websocket","self_id":"3846985226","action":"get_login_info","echo":"echo_3846985226_1776868021362259900_1"}
{"level":"info","timestamp":"2026-04-22 22:27:01.362","caller":"services/reverse_websocket.go:939","message":"发送WebSocket消息","module":"service.reverse_websocket","self_id":"3846985226","message":"{\"action\":\"get_login_info\",\"echo\":\"echo_3846985226_1776868021362259900_1\",\"params\":null}"}
{"level":"info","timestamp":"2026-04-22 22:27:01.362","caller":"plugins/manager.go:4237","message":"自动创建账号插件目录","module":"plugins.manager","self_id":"3846985226","dir":"plugins\\3846985226"}
{"level":"info","timestamp":"2026-04-22 22:27:01.362","caller":"services/reverse_websocket.go:1067","message":"API请求已发送，等待响应","module":"service.reverse_websocket","self_id":"3846985226","action":"get_login_info","echo":"echo_3846985226_1776868021362259900_1"}
{"level":"info","timestamp":"2026-04-22 22:27:01.487","caller":"app/main.go:386","message":"收到信号，准备优雅关闭程序","module":"app","signal":"interrupt"}
{"level":"info","timestamp":"2026-04-22 22:27:01.487","caller":"app/main.go:395","message":"开始优雅关闭流程...","module":"app"}
{"level":"info","timestamp":"2026-04-22 22:27:01.487","caller":"app/main.go:404","message":"HTTP服务器已停止","module":"app"}
{"level":"info","timestamp":"2026-04-22 22:27:01.487","caller":"services/sseclient.go:80","message":"正在停止SSE客户端...","module":"sse.client"}
{"level":"info","timestamp":"2026-04-22 22:27:01.487","caller":"services/sseclient.go:95","message":"SSE客户端已停止","module":"sse.client"}
{"level":"info","timestamp":"2026-04-22 22:27:01.487","caller":"app/main.go:408","message":"SSE客户端已停止","module":"app"}
{"level":"info","timestamp":"2026-04-22 22:27:01.487","caller":"services/reverse_websocket.go:231","message":"正在停止WebSocket服务...","module":"service.reverse_websocket"}
{"level":"info","timestamp":"2026-04-22 22:27:01.826","caller":"services/reverse_websocket.go:899","message":"收到API响应","module":"service.reverse_websocket","self_id":"3846985226","echo":"echo_3846985226_1776868021362259900_1","status":"ok","retcode":0}
{"level":"info","timestamp":"2026-04-22 22:27:01.826","caller":"services/reverse_websocket.go:1075","message":"收到API响应","module":"service.reverse_websocket","self_id":"3846985226","action":"get_login_info","echo":"echo_3846985226_1776868021362259900_1"}
{"level":"info","timestamp":"2026-04-22 22:27:01.826","caller":"services/reverse_websocket.go:700","message":"获取登录信息成功","module":"service.reverse_websocket","self_id":"3846985226","nickname":"系统通知"}
{"level":"info","timestamp":"2026-04-22 22:27:01.826","caller":"services/reverse_websocket.go:1038","message":"准备发送API请求","module":"service.reverse_websocket","self_id":"3846985226","action":"get_version_info","echo":"echo_3846985226_1776868021826055400_2"}
{"level":"info","timestamp":"2026-04-22 22:27:01.826","caller":"services/reverse_websocket.go:939","message":"发送WebSocket消息","module":"service.reverse_websocket","self_id":"3846985226","message":"{\"action\":\"get_version_info\",\"echo\":\"echo_3846985226_1776868021826055400_2\",\"params\":null}"}
{"level":"info","timestamp":"2026-04-22 22:27:01.826","caller":"services/reverse_websocket.go:1067","message":"API请求已发送，等待响应","module":"service.reverse_websocket","self_id":"3846985226","action":"get_version_info","echo":"echo_3846985226_1776868021826055400_2"}
{"level":"info","timestamp":"2026-04-22 22:27:02.285","caller":"services/reverse_websocket.go:899","message":"收到API响应","module":"service.reverse_websocket","self_id":"3846985226","echo":"echo_3846985226_1776868021826055400_2","status":"ok","retcode":0}
{"level":"info","timestamp":"2026-04-22 22:27:02.285","caller":"services/reverse_websocket.go:1075","message":"收到API响应","module":"service.reverse_websocket","self_id":"3846985226","action":"get_version_info","echo":"echo_3846985226_1776868021826055400_2"}
{"level":"info","timestamp":"2026-04-22 22:27:02.285","caller":"services/reverse_websocket.go:725","message":"获取版本信息成功","module":"service.reverse_websocket","self_id":"3846985226","app_name":"LLOneBot","app_version":"7.11.4"}
{"level":"info","timestamp":"2026-04-22 22:27:02.285","caller":"services/reverse_websocket.go:1038","message":"准备发送API请求","module":"service.reverse_websocket","self_id":"3846985226","action":"get_status","echo":"echo_3846985226_1776868022285925900_3"}
{"level":"info","timestamp":"2026-04-22 22:27:02.285","caller":"services/reverse_websocket.go:939","message":"发送WebSocket消息","module":"service.reverse_websocket","self_id":"3846985226","message":"{\"action\":\"get_status\",\"echo\":\"echo_3846985226_1776868022285925900_3\",\"params\":null}"}
{"level":"info","timestamp":"2026-04-22 22:27:02.286","caller":"services/reverse_websocket.go:1067","message":"API请求已发送，等待响应","module":"service.reverse_websocket","self_id":"3846985226","action":"get_status","echo":"echo_3846985226_1776868022285925900_3"}
{"level":"info","timestamp":"2026-04-22 22:27:02.743","caller":"services/reverse_websocket.go:899","message":"收到API响应","module":"service.reverse_websocket","self_id":"3846985226","echo":"echo_3846985226_1776868022285925900_3","status":"ok","retcode":0}
{"level":"info","timestamp":"2026-04-22 22:27:02.743","caller":"services/reverse_websocket.go:1075","message":"收到API响应","module":"service.reverse_websocket","self_id":"3846985226","action":"get_status","echo":"echo_3846985226_1776868022285925900_3"}
{"level":"info","timestamp":"2026-04-22 22:27:02.743","caller":"services/reverse_websocket.go:763","message":"获取状态信息成功","module":"service.reverse_websocket","self_id":"3846985226","online":true,"good":true}
{"level":"warn","timestamp":"2026-04-22 22:27:06.487","caller":"services/reverse_websocket.go:257","message":"清理任务退出超时","module":"service.reverse_websocket"}
{"level":"info","timestamp":"2026-04-22 22:27:06.487","caller":"services/bot_account_mgr.go:386","message":"开始清理所有账号资源","module":"service.bot_account_mgr","account_count":1}
{"level":"info","timestamp":"2026-04-22 22:27:06.487","caller":"services/reverse_websocket.go:536","message":"WebSocket连接关闭","module":"service.reverse_websocket","self_id":"3846985226","error":"read tcp 127.0.0.1:59178->127.0.0.1:3880: use of closed network connection"}
{"level":"warn","timestamp":"2026-04-22 22:27:06.487","caller":"services/bot_account_mgr.go:260","message":"处理断连失败：账号不存在","module":"service.bot_account_mgr","self_id":"3846985226"}
{"level":"info","timestamp":"2026-04-22 22:27:06.489","caller":"services/bot_account_mgr.go:399","message":"所有账号资源已清理","module":"service.bot_account_mgr"}
{"level":"info","timestamp":"2026-04-22 22:27:06.489","caller":"services/reverse_websocket.go:265","message":"WebSocket服务已停止","module":"service.reverse_websocket"}
{"level":"info","timestamp":"2026-04-22 22:27:06.489","caller":"app/main.go:412","message":"WebSocket服务已停止","module":"app"}
{"level":"info","timestamp":"2026-04-22 22:27:06.489","caller":"plugins/manager.go:3854","message":"正在关闭插件管理器...","module":"plugins.manager"}
{"level":"info","timestamp":"2026-04-22 22:27:06.489","caller":"plugins/timer_system.go:193","message":"正在关闭定时任务系统...","module":"plugins.manager"}
{"level":"info","timestamp":"2026-04-22 22:27:06.489","caller":"plugins/time_wheel.go:136","message":"多级时间轮已停止","module":"plugins.manager"}
{"level":"info","timestamp":"2026-04-22 22:27:06.489","caller":"plugins/timer_system.go:203","message":"定时任务系统已关闭","module":"plugins.manager"}
{"level":"info","timestamp":"2026-04-22 22:27:06.489","caller":"plugins/manager.go:3913","message":"插件管理器已关闭","module":"plugins.manager","totalDroppedEvents":0}
{"level":"info","timestamp":"2026-04-22 22:27:06.489","caller":"app/main.go:418","message":"插件管理器已关闭","module":"app"}
{"level":"info","timestamp":"2026-04-22 22:27:06.489","caller":"services/log_manager.go:280","message":"账号日志资源清理完成","module":"log_manager","self_id":"3846985226"}
{"level":"info","timestamp":"2026-04-22 22:27:06.489","caller":"app/main.go:422","message":"日志管理器已关闭","module":"app"}
{"level":"info","timestamp":"2026-04-22 22:27:06.489","caller":"services/reverse_websocket.go:380","message":"账号资源清理完成","module":"service.reverse_websocket","self_id":"3846985226"}
{"level":"info","timestamp":"2026-04-22 22:27:06.489","caller":"app/main.go:424","message":"程序已优雅关闭","module":"app"}
