=== 插件启动: %Y-%m-%d %H:%M:%S ===
源群列表: 1070163250, 131933642, 342584820
黑名单: 3851157533, 10000
==========================================

[%Y-%m-%d %H:%M:%S] Group: 131933642 | User: Lun. (1596534228) | UserID: -887609630 | MessageID: text | Type: 666 | Content: %!s(MISSING)
=== 插件启动: %Y-%m-%d %H:%M:%S ===
源群列表: 1070163250, 131933642, 342584820
黑名单: 3851157533, 10000
违禁词数量: 15872
==========================================

=== 插件启动: %Y-%m-%d %H:%M:%S ===
源群列表: 1070163250, 131933642, 342584820
黑名单: 3851157533, 10000
违禁词数量: 15872
==========================================

[%Y-%m-%d %H:%M:%S] Group: 1070163250 | User: Unknown (1596534228) | UserID: -92819815 | MessageID: text | Type: 测试 | Content: %!s(MISSING)
=== 插件停止: %Y-%m-%d %H:%M:%S ===

=== 插件启动: %Y-%m-%d %H:%M:%S ===
源群列表: 1070163250, 131933642, 342584820
黑名单: 3851157533, 10000
违禁词数量: 15872
==========================================

=== 插件停止: %Y-%m-%d %H:%M:%S ===

